2021-05-20 19:57:00 ERROR Utilities:24 - El siguiente archivo no pudo ser borrado C:\Users\wilso\Desktop\github-kraken\JWDA-Kraken-Semana5/proyecto/features/login_with_incorrect_user_and_password_0.feature
2021-05-20 19:57:00 ERROR Utilities:24 - El siguiente archivo no pudo ser borrado C:\Users\wilso\Desktop\github-kraken\JWDA-Kraken-Semana5/proyecto/features/login_with_incorrect_user_and_password_1.feature
2021-05-20 19:57:00 ERROR Utilities:24 - El siguiente archivo no pudo ser borrado C:\Users\wilso\Desktop\github-kraken\JWDA-Kraken-Semana5/proyecto/features/login_with_incorrect_user_and_password_2.feature
2021-05-20 19:57:00 ERROR Utilities:24 - El siguiente archivo no pudo ser borrado C:\Users\wilso\Desktop\github-kraken\JWDA-Kraken-Semana5/proyecto/features/login_with_incorrect_user_and_password_3.feature
2021-05-20 19:57:00 ERROR Utilities:24 - El siguiente archivo no pudo ser borrado C:\Users\wilso\Desktop\github-kraken\JWDA-Kraken-Semana5/proyecto/features/login_with_incorrect_user_and_password_4.feature
2021-05-20 19:57:00 ERROR Utilities:24 - El siguiente archivo no pudo ser borrado C:\Users\wilso\Desktop\github-kraken\JWDA-Kraken-Semana5/proyecto/features/login_with_incorrect_user_and_password_5.feature
2021-05-20 19:57:00 ERROR Utilities:24 - El siguiente archivo no pudo ser borrado C:\Users\wilso\Desktop\github-kraken\JWDA-Kraken-Semana5/proyecto/features/login_with_incorrect_user_and_password_6.feature
2021-05-20 19:57:00 ERROR Utilities:24 - El siguiente archivo no pudo ser borrado C:\Users\wilso\Desktop\github-kraken\JWDA-Kraken-Semana5/proyecto/features/login_with_incorrect_user_and_password_7.feature
2021-05-20 19:57:00 ERROR Utilities:24 - El siguiente archivo no pudo ser borrado C:\Users\wilso\Desktop\github-kraken\JWDA-Kraken-Semana5/proyecto/features/login_with_incorrect_user_and_password_8.feature
2021-05-20 19:57:00 ERROR Utilities:24 - El siguiente archivo no pudo ser borrado C:\Users\wilso\Desktop\github-kraken\JWDA-Kraken-Semana5/proyecto/features/login_with_incorrect_user_and_password_9.feature
2021-05-20 19:57:00 ERROR Utilities:24 - El siguiente archivo no pudo ser borrado C:\Users\wilso\Desktop\github-kraken\JWDA-Kraken-Semana5/proyecto/features/login_with_incorrect_user_and_password_10.feature
2021-05-20 19:57:00 ERROR Utilities:24 - El siguiente archivo no pudo ser borrado C:\Users\wilso\Desktop\github-kraken\JWDA-Kraken-Semana5/proyecto/features/login_with_incorrect_user_and_password_11.feature
2021-05-20 19:57:00 ERROR Utilities:24 - El siguiente archivo no pudo ser borrado C:\Users\wilso\Desktop\github-kraken\JWDA-Kraken-Semana5/proyecto/features/login_with_incorrect_user_and_password_12.feature
2021-05-20 19:57:00 ERROR Utilities:24 - El siguiente archivo no pudo ser borrado C:\Users\wilso\Desktop\github-kraken\JWDA-Kraken-Semana5/proyecto/features/login_with_incorrect_user_and_password_13.feature
2021-05-20 19:57:00 ERROR Utilities:24 - El siguiente archivo no pudo ser borrado C:\Users\wilso\Desktop\github-kraken\JWDA-Kraken-Semana5/proyecto/features/login_with_incorrect_user_and_password_14.feature
2021-05-20 19:57:00 ERROR Utilities:24 - El siguiente archivo no pudo ser borrado C:\Users\wilso\Desktop\github-kraken\JWDA-Kraken-Semana5/proyecto/features/login_with_incorrect_user_and_password_15.feature
2021-05-20 19:57:00 ERROR Utilities:24 - El siguiente archivo no pudo ser borrado C:\Users\wilso\Desktop\github-kraken\JWDA-Kraken-Semana5/proyecto/features/login_with_incorrect_user_and_password_16.feature
2021-05-20 19:57:00 ERROR Utilities:24 - El siguiente archivo no pudo ser borrado C:\Users\wilso\Desktop\github-kraken\JWDA-Kraken-Semana5/proyecto/features/login_with_incorrect_user_and_password_17.feature
2021-05-20 19:57:00 ERROR Utilities:24 - El siguiente archivo no pudo ser borrado C:\Users\wilso\Desktop\github-kraken\JWDA-Kraken-Semana5/proyecto/features/login_with_incorrect_user_and_password_18.feature
2021-05-20 19:57:00 ERROR Utilities:24 - El siguiente archivo no pudo ser borrado C:\Users\wilso\Desktop\github-kraken\JWDA-Kraken-Semana5/proyecto/features/login_with_incorrect_user_and_password_19.feature
2021-05-20 19:57:00 ERROR Utilities:24 - El siguiente archivo no pudo ser borrado C:\Users\wilso\Desktop\github-kraken\JWDA-Kraken-Semana5/proyecto/features/login_with_incorrect_user_and_password_20.feature
2021-05-20 19:57:00 INFO  Generador:143 - El contenido cargado del archivo login_with_incorrect_user_and_password
2021-05-20 19:57:00 INFO  Generador:144 - Feature: Login

  @user1 @web
  Scenario Outline: Login with password and user incorrect
    Given I set scenario "Login_invalid_user_invalid_pass" and version app "<VERSION>"
    Given I navigate to page "http://localhost:2369/ghost/#/signin"
    Then I enter "$name" into input field having id "ember8"
    Then I enter "Kraken1*" into input field having id "ember10"
    Then I click on element having id "ember12"
    Then I should see text "There is no user with that email address."

      Examples: 
        | name   | email              | twitter         |
        | Aslak  | aslak@cucumber.io  | @aslak_hellesoy |
        | Aslak  | aslak@cucumber.io  | @aslak_hellesoy |
        | Aslak  | aslak@cucumber.io  | @aslak_hellesoy |

2021-05-20 19:57:00 INFO  Utilities:45 - Archivo creado exitosamente C:\Users\wilso\Desktop\github-kraken\JWDA-Kraken-Semana5/Data/login/Login.json
2021-05-20 19:57:00 INFO  Generador:214 - Se va crear el siguiente archivo C:\Users\wilso\Desktop\github-kraken\JWDA-Kraken-Semana5/proyecto/features/login_with_incorrect_user_and_password_0.feature
2021-05-20 19:57:00 WARN  Utilities:47 - Este archivo ya existe C:\Users\wilso\Desktop\github-kraken\JWDA-Kraken-Semana5
2021-05-20 19:57:00 INFO  Generador:214 - Se va crear el siguiente archivo C:\Users\wilso\Desktop\github-kraken\JWDA-Kraken-Semana5/proyecto/features/login_with_incorrect_user_and_password_1.feature
2021-05-20 19:57:00 WARN  Utilities:47 - Este archivo ya existe C:\Users\wilso\Desktop\github-kraken\JWDA-Kraken-Semana5
2021-05-20 19:57:40 INFO  Utilities:22 - El fichero ha sido borrado satisfactoriamente C:\Users\wilso\Desktop\github-kraken\JWDA-Kraken-Semana5/proyecto/features/login_with_incorrect_user_and_password_0.feature
2021-05-20 19:57:40 INFO  Utilities:22 - El fichero ha sido borrado satisfactoriamente C:\Users\wilso\Desktop\github-kraken\JWDA-Kraken-Semana5/proyecto/features/login_with_incorrect_user_and_password_1.feature
2021-05-20 19:57:40 ERROR Utilities:24 - El siguiente archivo no pudo ser borrado C:\Users\wilso\Desktop\github-kraken\JWDA-Kraken-Semana5/proyecto/features/login_with_incorrect_user_and_password_2.feature
2021-05-20 19:57:40 ERROR Utilities:24 - El siguiente archivo no pudo ser borrado C:\Users\wilso\Desktop\github-kraken\JWDA-Kraken-Semana5/proyecto/features/login_with_incorrect_user_and_password_3.feature
2021-05-20 19:57:40 ERROR Utilities:24 - El siguiente archivo no pudo ser borrado C:\Users\wilso\Desktop\github-kraken\JWDA-Kraken-Semana5/proyecto/features/login_with_incorrect_user_and_password_4.feature
2021-05-20 19:57:40 ERROR Utilities:24 - El siguiente archivo no pudo ser borrado C:\Users\wilso\Desktop\github-kraken\JWDA-Kraken-Semana5/proyecto/features/login_with_incorrect_user_and_password_5.feature
2021-05-20 19:57:40 ERROR Utilities:24 - El siguiente archivo no pudo ser borrado C:\Users\wilso\Desktop\github-kraken\JWDA-Kraken-Semana5/proyecto/features/login_with_incorrect_user_and_password_6.feature
2021-05-20 19:57:40 ERROR Utilities:24 - El siguiente archivo no pudo ser borrado C:\Users\wilso\Desktop\github-kraken\JWDA-Kraken-Semana5/proyecto/features/login_with_incorrect_user_and_password_7.feature
2021-05-20 19:57:40 ERROR Utilities:24 - El siguiente archivo no pudo ser borrado C:\Users\wilso\Desktop\github-kraken\JWDA-Kraken-Semana5/proyecto/features/login_with_incorrect_user_and_password_8.feature
2021-05-20 19:57:40 ERROR Utilities:24 - El siguiente archivo no pudo ser borrado C:\Users\wilso\Desktop\github-kraken\JWDA-Kraken-Semana5/proyecto/features/login_with_incorrect_user_and_password_9.feature
2021-05-20 19:57:40 ERROR Utilities:24 - El siguiente archivo no pudo ser borrado C:\Users\wilso\Desktop\github-kraken\JWDA-Kraken-Semana5/proyecto/features/login_with_incorrect_user_and_password_10.feature
2021-05-20 19:57:40 ERROR Utilities:24 - El siguiente archivo no pudo ser borrado C:\Users\wilso\Desktop\github-kraken\JWDA-Kraken-Semana5/proyecto/features/login_with_incorrect_user_and_password_11.feature
2021-05-20 19:57:40 ERROR Utilities:24 - El siguiente archivo no pudo ser borrado C:\Users\wilso\Desktop\github-kraken\JWDA-Kraken-Semana5/proyecto/features/login_with_incorrect_user_and_password_12.feature
2021-05-20 19:57:40 ERROR Utilities:24 - El siguiente archivo no pudo ser borrado C:\Users\wilso\Desktop\github-kraken\JWDA-Kraken-Semana5/proyecto/features/login_with_incorrect_user_and_password_13.feature
2021-05-20 19:57:40 ERROR Utilities:24 - El siguiente archivo no pudo ser borrado C:\Users\wilso\Desktop\github-kraken\JWDA-Kraken-Semana5/proyecto/features/login_with_incorrect_user_and_password_14.feature
2021-05-20 19:57:40 ERROR Utilities:24 - El siguiente archivo no pudo ser borrado C:\Users\wilso\Desktop\github-kraken\JWDA-Kraken-Semana5/proyecto/features/login_with_incorrect_user_and_password_15.feature
2021-05-20 19:57:40 ERROR Utilities:24 - El siguiente archivo no pudo ser borrado C:\Users\wilso\Desktop\github-kraken\JWDA-Kraken-Semana5/proyecto/features/login_with_incorrect_user_and_password_16.feature
2021-05-20 19:57:40 ERROR Utilities:24 - El siguiente archivo no pudo ser borrado C:\Users\wilso\Desktop\github-kraken\JWDA-Kraken-Semana5/proyecto/features/login_with_incorrect_user_and_password_17.feature
2021-05-20 19:57:40 ERROR Utilities:24 - El siguiente archivo no pudo ser borrado C:\Users\wilso\Desktop\github-kraken\JWDA-Kraken-Semana5/proyecto/features/login_with_incorrect_user_and_password_18.feature
2021-05-20 19:57:40 ERROR Utilities:24 - El siguiente archivo no pudo ser borrado C:\Users\wilso\Desktop\github-kraken\JWDA-Kraken-Semana5/proyecto/features/login_with_incorrect_user_and_password_19.feature
2021-05-20 19:57:40 ERROR Utilities:24 - El siguiente archivo no pudo ser borrado C:\Users\wilso\Desktop\github-kraken\JWDA-Kraken-Semana5/proyecto/features/login_with_incorrect_user_and_password_20.feature
2021-05-20 19:57:40 INFO  Generador:143 - El contenido cargado del archivo login_with_incorrect_user_and_password
2021-05-20 19:57:40 INFO  Generador:144 - Feature: Login

  @user1 @web
  Scenario Outline: Login with password and user incorrect
    Given I set scenario "Login_invalid_user_invalid_pass" and version app "<VERSION>"
    Given I navigate to page "http://localhost:2369/ghost/#/signin"
    Then I enter "$name" into input field having id "ember8"
    Then I enter "Kraken1*" into input field having id "ember10"
    Then I click on element having id "ember12"
    Then I should see text "There is no user with that email address."

      Examples: 
        | name   | email              | twitter         |
        | Aslak  | aslak@cucumber.io  | @aslak_hellesoy |
        | Aslak  | aslak@cucumber.io  | @aslak_hellesoy |
        | Aslak  | aslak@cucumber.io  | @aslak_hellesoy |

2021-05-20 19:57:40 INFO  Utilities:45 - Archivo creado exitosamente C:\Users\wilso\Desktop\github-kraken\JWDA-Kraken-Semana5/Data/login/Login.json
2021-05-20 19:57:40 INFO  Generador:214 - Se va crear el siguiente archivo C:\Users\wilso\Desktop\github-kraken\JWDA-Kraken-Semana5/proyecto/features/login_with_incorrect_user_and_password_0.feature
2021-05-20 19:57:40 WARN  Utilities:47 - Este archivo ya existe C:\Users\wilso\Desktop\github-kraken\JWDA-Kraken-Semana5
2021-05-20 19:57:40 INFO  Generador:214 - Se va crear el siguiente archivo C:\Users\wilso\Desktop\github-kraken\JWDA-Kraken-Semana5/proyecto/features/login_with_incorrect_user_and_password_1.feature
2021-05-20 19:57:40 WARN  Utilities:47 - Este archivo ya existe C:\Users\wilso\Desktop\github-kraken\JWDA-Kraken-Semana5
2021-05-20 20:00:30 ERROR Utilities:24 - El siguiente archivo no pudo ser borrado C:\Users\wilso\Desktop\github-kraken\JWDA-Kraken-Semana5/proyecto/features/login_with_incorrect_user_and_password_0.feature
2021-05-20 20:00:30 ERROR Utilities:24 - El siguiente archivo no pudo ser borrado C:\Users\wilso\Desktop\github-kraken\JWDA-Kraken-Semana5/proyecto/features/login_with_incorrect_user_and_password_1.feature
2021-05-20 20:00:30 ERROR Utilities:24 - El siguiente archivo no pudo ser borrado C:\Users\wilso\Desktop\github-kraken\JWDA-Kraken-Semana5/proyecto/features/login_with_incorrect_user_and_password_2.feature
2021-05-20 20:00:30 ERROR Utilities:24 - El siguiente archivo no pudo ser borrado C:\Users\wilso\Desktop\github-kraken\JWDA-Kraken-Semana5/proyecto/features/login_with_incorrect_user_and_password_3.feature
2021-05-20 20:00:30 ERROR Utilities:24 - El siguiente archivo no pudo ser borrado C:\Users\wilso\Desktop\github-kraken\JWDA-Kraken-Semana5/proyecto/features/login_with_incorrect_user_and_password_4.feature
2021-05-20 20:00:30 ERROR Utilities:24 - El siguiente archivo no pudo ser borrado C:\Users\wilso\Desktop\github-kraken\JWDA-Kraken-Semana5/proyecto/features/login_with_incorrect_user_and_password_5.feature
2021-05-20 20:00:30 ERROR Utilities:24 - El siguiente archivo no pudo ser borrado C:\Users\wilso\Desktop\github-kraken\JWDA-Kraken-Semana5/proyecto/features/login_with_incorrect_user_and_password_6.feature
2021-05-20 20:00:30 ERROR Utilities:24 - El siguiente archivo no pudo ser borrado C:\Users\wilso\Desktop\github-kraken\JWDA-Kraken-Semana5/proyecto/features/login_with_incorrect_user_and_password_7.feature
2021-05-20 20:00:30 ERROR Utilities:24 - El siguiente archivo no pudo ser borrado C:\Users\wilso\Desktop\github-kraken\JWDA-Kraken-Semana5/proyecto/features/login_with_incorrect_user_and_password_8.feature
2021-05-20 20:00:30 ERROR Utilities:24 - El siguiente archivo no pudo ser borrado C:\Users\wilso\Desktop\github-kraken\JWDA-Kraken-Semana5/proyecto/features/login_with_incorrect_user_and_password_9.feature
2021-05-20 20:00:30 ERROR Utilities:24 - El siguiente archivo no pudo ser borrado C:\Users\wilso\Desktop\github-kraken\JWDA-Kraken-Semana5/proyecto/features/login_with_incorrect_user_and_password_10.feature
2021-05-20 20:00:30 ERROR Utilities:24 - El siguiente archivo no pudo ser borrado C:\Users\wilso\Desktop\github-kraken\JWDA-Kraken-Semana5/proyecto/features/login_with_incorrect_user_and_password_11.feature
2021-05-20 20:00:30 ERROR Utilities:24 - El siguiente archivo no pudo ser borrado C:\Users\wilso\Desktop\github-kraken\JWDA-Kraken-Semana5/proyecto/features/login_with_incorrect_user_and_password_12.feature
2021-05-20 20:00:30 ERROR Utilities:24 - El siguiente archivo no pudo ser borrado C:\Users\wilso\Desktop\github-kraken\JWDA-Kraken-Semana5/proyecto/features/login_with_incorrect_user_and_password_13.feature
2021-05-20 20:00:30 ERROR Utilities:24 - El siguiente archivo no pudo ser borrado C:\Users\wilso\Desktop\github-kraken\JWDA-Kraken-Semana5/proyecto/features/login_with_incorrect_user_and_password_14.feature
2021-05-20 20:00:30 ERROR Utilities:24 - El siguiente archivo no pudo ser borrado C:\Users\wilso\Desktop\github-kraken\JWDA-Kraken-Semana5/proyecto/features/login_with_incorrect_user_and_password_15.feature
2021-05-20 20:00:30 ERROR Utilities:24 - El siguiente archivo no pudo ser borrado C:\Users\wilso\Desktop\github-kraken\JWDA-Kraken-Semana5/proyecto/features/login_with_incorrect_user_and_password_16.feature
2021-05-20 20:00:30 ERROR Utilities:24 - El siguiente archivo no pudo ser borrado C:\Users\wilso\Desktop\github-kraken\JWDA-Kraken-Semana5/proyecto/features/login_with_incorrect_user_and_password_17.feature
2021-05-20 20:00:30 ERROR Utilities:24 - El siguiente archivo no pudo ser borrado C:\Users\wilso\Desktop\github-kraken\JWDA-Kraken-Semana5/proyecto/features/login_with_incorrect_user_and_password_18.feature
2021-05-20 20:00:30 ERROR Utilities:24 - El siguiente archivo no pudo ser borrado C:\Users\wilso\Desktop\github-kraken\JWDA-Kraken-Semana5/proyecto/features/login_with_incorrect_user_and_password_19.feature
2021-05-20 20:00:30 ERROR Utilities:24 - El siguiente archivo no pudo ser borrado C:\Users\wilso\Desktop\github-kraken\JWDA-Kraken-Semana5/proyecto/features/login_with_incorrect_user_and_password_20.feature
2021-05-20 20:00:30 INFO  Generador:143 - El contenido cargado del archivo login_with_incorrect_user_and_password
2021-05-20 20:00:30 INFO  Generador:144 - Feature: Login

  @user1 @web
  Scenario: Login with password and user incorrect
    Given I set scenario "Login_invalid_user_invalid_pass" and version app "<VERSION>"
    Given I navigate to page "http://localhost:2369/ghost/#/signin"
    Then I enter "Kraken1@gmail.com" into input field having id "ember8"
    Then I enter "Kraken1*" into input field having id "ember10"
    Then I click on element having id "ember12"
    Then I should see text "There is no user with that email address."

2021-05-20 20:00:30 WARN  Utilities:47 - Este archivo ya existe C:\Users\wilso\Desktop\github-kraken\JWDA-Kraken-Semana5/Data/login/Login.json
2021-05-20 20:00:30 INFO  Generador:214 - Se va crear el siguiente archivo C:\Users\wilso\Desktop\github-kraken\JWDA-Kraken-Semana5/proyecto/features/login_with_incorrect_user_and_password_0.feature
2021-05-20 20:00:30 WARN  Utilities:47 - Este archivo ya existe C:\Users\wilso\Desktop\github-kraken\JWDA-Kraken-Semana5
2021-05-20 20:00:30 INFO  Generador:214 - Se va crear el siguiente archivo C:\Users\wilso\Desktop\github-kraken\JWDA-Kraken-Semana5/proyecto/features/login_with_incorrect_user_and_password_1.feature
2021-05-20 20:00:30 WARN  Utilities:47 - Este archivo ya existe C:\Users\wilso\Desktop\github-kraken\JWDA-Kraken-Semana5
2021-05-20 20:10:10 INFO  Utilities:22 - El fichero ha sido borrado satisfactoriamente C:\Users\wilso\Desktop\github-kraken\JWDA-Kraken-Semana5/proyecto/features/login_with_incorrect_user_and_password_0.feature
2021-05-20 20:10:10 INFO  Utilities:22 - El fichero ha sido borrado satisfactoriamente C:\Users\wilso\Desktop\github-kraken\JWDA-Kraken-Semana5/proyecto/features/login_with_incorrect_user_and_password_1.feature
2021-05-20 20:10:10 ERROR Utilities:24 - El siguiente archivo no pudo ser borrado C:\Users\wilso\Desktop\github-kraken\JWDA-Kraken-Semana5/proyecto/features/login_with_incorrect_user_and_password_2.feature
2021-05-20 20:10:10 ERROR Utilities:24 - El siguiente archivo no pudo ser borrado C:\Users\wilso\Desktop\github-kraken\JWDA-Kraken-Semana5/proyecto/features/login_with_incorrect_user_and_password_3.feature
2021-05-20 20:10:10 ERROR Utilities:24 - El siguiente archivo no pudo ser borrado C:\Users\wilso\Desktop\github-kraken\JWDA-Kraken-Semana5/proyecto/features/login_with_incorrect_user_and_password_4.feature
2021-05-20 20:10:10 ERROR Utilities:24 - El siguiente archivo no pudo ser borrado C:\Users\wilso\Desktop\github-kraken\JWDA-Kraken-Semana5/proyecto/features/login_with_incorrect_user_and_password_5.feature
2021-05-20 20:10:10 ERROR Utilities:24 - El siguiente archivo no pudo ser borrado C:\Users\wilso\Desktop\github-kraken\JWDA-Kraken-Semana5/proyecto/features/login_with_incorrect_user_and_password_6.feature
2021-05-20 20:10:10 ERROR Utilities:24 - El siguiente archivo no pudo ser borrado C:\Users\wilso\Desktop\github-kraken\JWDA-Kraken-Semana5/proyecto/features/login_with_incorrect_user_and_password_7.feature
2021-05-20 20:10:10 ERROR Utilities:24 - El siguiente archivo no pudo ser borrado C:\Users\wilso\Desktop\github-kraken\JWDA-Kraken-Semana5/proyecto/features/login_with_incorrect_user_and_password_8.feature
2021-05-20 20:10:10 ERROR Utilities:24 - El siguiente archivo no pudo ser borrado C:\Users\wilso\Desktop\github-kraken\JWDA-Kraken-Semana5/proyecto/features/login_with_incorrect_user_and_password_9.feature
2021-05-20 20:10:10 ERROR Utilities:24 - El siguiente archivo no pudo ser borrado C:\Users\wilso\Desktop\github-kraken\JWDA-Kraken-Semana5/proyecto/features/login_with_incorrect_user_and_password_10.feature
2021-05-20 20:10:10 ERROR Utilities:24 - El siguiente archivo no pudo ser borrado C:\Users\wilso\Desktop\github-kraken\JWDA-Kraken-Semana5/proyecto/features/login_with_incorrect_user_and_password_11.feature
2021-05-20 20:10:10 ERROR Utilities:24 - El siguiente archivo no pudo ser borrado C:\Users\wilso\Desktop\github-kraken\JWDA-Kraken-Semana5/proyecto/features/login_with_incorrect_user_and_password_12.feature
2021-05-20 20:10:10 ERROR Utilities:24 - El siguiente archivo no pudo ser borrado C:\Users\wilso\Desktop\github-kraken\JWDA-Kraken-Semana5/proyecto/features/login_with_incorrect_user_and_password_13.feature
2021-05-20 20:10:10 ERROR Utilities:24 - El siguiente archivo no pudo ser borrado C:\Users\wilso\Desktop\github-kraken\JWDA-Kraken-Semana5/proyecto/features/login_with_incorrect_user_and_password_14.feature
2021-05-20 20:10:10 ERROR Utilities:24 - El siguiente archivo no pudo ser borrado C:\Users\wilso\Desktop\github-kraken\JWDA-Kraken-Semana5/proyecto/features/login_with_incorrect_user_and_password_15.feature
2021-05-20 20:10:10 ERROR Utilities:24 - El siguiente archivo no pudo ser borrado C:\Users\wilso\Desktop\github-kraken\JWDA-Kraken-Semana5/proyecto/features/login_with_incorrect_user_and_password_16.feature
2021-05-20 20:10:10 ERROR Utilities:24 - El siguiente archivo no pudo ser borrado C:\Users\wilso\Desktop\github-kraken\JWDA-Kraken-Semana5/proyecto/features/login_with_incorrect_user_and_password_17.feature
2021-05-20 20:10:10 ERROR Utilities:24 - El siguiente archivo no pudo ser borrado C:\Users\wilso\Desktop\github-kraken\JWDA-Kraken-Semana5/proyecto/features/login_with_incorrect_user_and_password_18.feature
2021-05-20 20:10:10 ERROR Utilities:24 - El siguiente archivo no pudo ser borrado C:\Users\wilso\Desktop\github-kraken\JWDA-Kraken-Semana5/proyecto/features/login_with_incorrect_user_and_password_19.feature
2021-05-20 20:10:10 ERROR Utilities:24 - El siguiente archivo no pudo ser borrado C:\Users\wilso\Desktop\github-kraken\JWDA-Kraken-Semana5/proyecto/features/login_with_incorrect_user_and_password_20.feature
2021-05-20 20:10:10 INFO  Generador:143 - El contenido cargado del archivo login_with_incorrect_user_and_password
2021-05-20 20:10:10 INFO  Generador:144 - Feature: Login

  @user1 @web
  Scenario: Login with password and user incorrect
    Given I set scenario "Login_invalid_user_invalid_pass" and version app "<VERSION>"
    Given I navigate to page "http://localhost:2369/ghost/#/signin"
    Then I enter "Kraken1@gmail.com" into input field having id "ember8"
    Then I enter "Kraken1*" into input field having id "ember10"
    Then I click on element having id "ember12"
    Then I should see text "There is no user with that email address."

2021-05-20 20:10:10 INFO  Utilities:45 - Archivo creado exitosamente C:\Users\wilso\Desktop\github-kraken\JWDA-Kraken-Semana5/Data/login/Pseudo_Aleatoria/Login.json
2021-05-20 20:10:10 INFO  Generador:214 - Se va crear el siguiente archivo C:\Users\wilso\Desktop\github-kraken\JWDA-Kraken-Semana5/proyecto/features/login_with_incorrect_user_and_password_0.feature
2021-05-20 20:10:10 WARN  Utilities:47 - Este archivo ya existe C:\Users\wilso\Desktop\github-kraken\JWDA-Kraken-Semana5
2021-05-20 20:11:06 INFO  Utilities:22 - El fichero ha sido borrado satisfactoriamente C:\Users\wilso\Desktop\github-kraken\JWDA-Kraken-Semana5/proyecto/features/login_with_incorrect_user_and_password_0.feature
2021-05-20 20:11:06 ERROR Utilities:24 - El siguiente archivo no pudo ser borrado C:\Users\wilso\Desktop\github-kraken\JWDA-Kraken-Semana5/proyecto/features/login_with_incorrect_user_and_password_1.feature
2021-05-20 20:11:06 ERROR Utilities:24 - El siguiente archivo no pudo ser borrado C:\Users\wilso\Desktop\github-kraken\JWDA-Kraken-Semana5/proyecto/features/login_with_incorrect_user_and_password_2.feature
2021-05-20 20:11:06 ERROR Utilities:24 - El siguiente archivo no pudo ser borrado C:\Users\wilso\Desktop\github-kraken\JWDA-Kraken-Semana5/proyecto/features/login_with_incorrect_user_and_password_3.feature
2021-05-20 20:11:06 ERROR Utilities:24 - El siguiente archivo no pudo ser borrado C:\Users\wilso\Desktop\github-kraken\JWDA-Kraken-Semana5/proyecto/features/login_with_incorrect_user_and_password_4.feature
2021-05-20 20:11:06 ERROR Utilities:24 - El siguiente archivo no pudo ser borrado C:\Users\wilso\Desktop\github-kraken\JWDA-Kraken-Semana5/proyecto/features/login_with_incorrect_user_and_password_5.feature
2021-05-20 20:11:06 ERROR Utilities:24 - El siguiente archivo no pudo ser borrado C:\Users\wilso\Desktop\github-kraken\JWDA-Kraken-Semana5/proyecto/features/login_with_incorrect_user_and_password_6.feature
2021-05-20 20:11:06 ERROR Utilities:24 - El siguiente archivo no pudo ser borrado C:\Users\wilso\Desktop\github-kraken\JWDA-Kraken-Semana5/proyecto/features/login_with_incorrect_user_and_password_7.feature
2021-05-20 20:11:06 ERROR Utilities:24 - El siguiente archivo no pudo ser borrado C:\Users\wilso\Desktop\github-kraken\JWDA-Kraken-Semana5/proyecto/features/login_with_incorrect_user_and_password_8.feature
2021-05-20 20:11:06 ERROR Utilities:24 - El siguiente archivo no pudo ser borrado C:\Users\wilso\Desktop\github-kraken\JWDA-Kraken-Semana5/proyecto/features/login_with_incorrect_user_and_password_9.feature
2021-05-20 20:11:06 ERROR Utilities:24 - El siguiente archivo no pudo ser borrado C:\Users\wilso\Desktop\github-kraken\JWDA-Kraken-Semana5/proyecto/features/login_with_incorrect_user_and_password_10.feature
2021-05-20 20:11:06 ERROR Utilities:24 - El siguiente archivo no pudo ser borrado C:\Users\wilso\Desktop\github-kraken\JWDA-Kraken-Semana5/proyecto/features/login_with_incorrect_user_and_password_11.feature
2021-05-20 20:11:06 ERROR Utilities:24 - El siguiente archivo no pudo ser borrado C:\Users\wilso\Desktop\github-kraken\JWDA-Kraken-Semana5/proyecto/features/login_with_incorrect_user_and_password_12.feature
2021-05-20 20:11:06 ERROR Utilities:24 - El siguiente archivo no pudo ser borrado C:\Users\wilso\Desktop\github-kraken\JWDA-Kraken-Semana5/proyecto/features/login_with_incorrect_user_and_password_13.feature
2021-05-20 20:11:06 ERROR Utilities:24 - El siguiente archivo no pudo ser borrado C:\Users\wilso\Desktop\github-kraken\JWDA-Kraken-Semana5/proyecto/features/login_with_incorrect_user_and_password_14.feature
2021-05-20 20:11:06 ERROR Utilities:24 - El siguiente archivo no pudo ser borrado C:\Users\wilso\Desktop\github-kraken\JWDA-Kraken-Semana5/proyecto/features/login_with_incorrect_user_and_password_15.feature
2021-05-20 20:11:06 ERROR Utilities:24 - El siguiente archivo no pudo ser borrado C:\Users\wilso\Desktop\github-kraken\JWDA-Kraken-Semana5/proyecto/features/login_with_incorrect_user_and_password_16.feature
2021-05-20 20:11:06 ERROR Utilities:24 - El siguiente archivo no pudo ser borrado C:\Users\wilso\Desktop\github-kraken\JWDA-Kraken-Semana5/proyecto/features/login_with_incorrect_user_and_password_17.feature
2021-05-20 20:11:06 ERROR Utilities:24 - El siguiente archivo no pudo ser borrado C:\Users\wilso\Desktop\github-kraken\JWDA-Kraken-Semana5/proyecto/features/login_with_incorrect_user_and_password_18.feature
2021-05-20 20:11:06 ERROR Utilities:24 - El siguiente archivo no pudo ser borrado C:\Users\wilso\Desktop\github-kraken\JWDA-Kraken-Semana5/proyecto/features/login_with_incorrect_user_and_password_19.feature
2021-05-20 20:11:06 ERROR Utilities:24 - El siguiente archivo no pudo ser borrado C:\Users\wilso\Desktop\github-kraken\JWDA-Kraken-Semana5/proyecto/features/login_with_incorrect_user_and_password_20.feature
2021-05-20 20:11:06 INFO  Generador:143 - El contenido cargado del archivo login_with_incorrect_user_and_password
2021-05-20 20:11:06 INFO  Generador:144 - Feature: Login

  @user1 @web
  Scenario: Login with password and user incorrect
    Given I set scenario "Login_invalid_user_invalid_pass" and version app "<VERSION>"
    Given I navigate to page "http://localhost:2369/ghost/#/signin"
    Then I enter "Kraken1@gmail.com" into input field having id "ember8"
    Then I enter "Kraken1*" into input field having id "ember10"
    Then I click on element having id "ember12"
    Then I should see text "There is no user with that email address."

2021-05-20 20:11:06 INFO  Generador:199 - Se va crear el siguiente archivo C:\Users\wilso\Desktop\github-kraken\JWDA-Kraken-Semana5/proyecto/features/login_with_incorrect_user_and_password_0.feature
2021-05-20 20:11:06 WARN  Utilities:47 - Este archivo ya existe C:\Users\wilso\Desktop\github-kraken\JWDA-Kraken-Semana5
2021-05-20 20:11:15 INFO  Utilities:22 - El fichero ha sido borrado satisfactoriamente C:\Users\wilso\Desktop\github-kraken\JWDA-Kraken-Semana5/proyecto/features/login_with_incorrect_user_and_password_0.feature
2021-05-20 20:11:15 ERROR Utilities:24 - El siguiente archivo no pudo ser borrado C:\Users\wilso\Desktop\github-kraken\JWDA-Kraken-Semana5/proyecto/features/login_with_incorrect_user_and_password_1.feature
2021-05-20 20:11:15 ERROR Utilities:24 - El siguiente archivo no pudo ser borrado C:\Users\wilso\Desktop\github-kraken\JWDA-Kraken-Semana5/proyecto/features/login_with_incorrect_user_and_password_2.feature
2021-05-20 20:11:15 ERROR Utilities:24 - El siguiente archivo no pudo ser borrado C:\Users\wilso\Desktop\github-kraken\JWDA-Kraken-Semana5/proyecto/features/login_with_incorrect_user_and_password_3.feature
2021-05-20 20:11:15 ERROR Utilities:24 - El siguiente archivo no pudo ser borrado C:\Users\wilso\Desktop\github-kraken\JWDA-Kraken-Semana5/proyecto/features/login_with_incorrect_user_and_password_4.feature
2021-05-20 20:11:15 ERROR Utilities:24 - El siguiente archivo no pudo ser borrado C:\Users\wilso\Desktop\github-kraken\JWDA-Kraken-Semana5/proyecto/features/login_with_incorrect_user_and_password_5.feature
2021-05-20 20:11:15 ERROR Utilities:24 - El siguiente archivo no pudo ser borrado C:\Users\wilso\Desktop\github-kraken\JWDA-Kraken-Semana5/proyecto/features/login_with_incorrect_user_and_password_6.feature
2021-05-20 20:11:15 ERROR Utilities:24 - El siguiente archivo no pudo ser borrado C:\Users\wilso\Desktop\github-kraken\JWDA-Kraken-Semana5/proyecto/features/login_with_incorrect_user_and_password_7.feature
2021-05-20 20:11:15 ERROR Utilities:24 - El siguiente archivo no pudo ser borrado C:\Users\wilso\Desktop\github-kraken\JWDA-Kraken-Semana5/proyecto/features/login_with_incorrect_user_and_password_8.feature
2021-05-20 20:11:15 ERROR Utilities:24 - El siguiente archivo no pudo ser borrado C:\Users\wilso\Desktop\github-kraken\JWDA-Kraken-Semana5/proyecto/features/login_with_incorrect_user_and_password_9.feature
2021-05-20 20:11:15 ERROR Utilities:24 - El siguiente archivo no pudo ser borrado C:\Users\wilso\Desktop\github-kraken\JWDA-Kraken-Semana5/proyecto/features/login_with_incorrect_user_and_password_10.feature
2021-05-20 20:11:15 ERROR Utilities:24 - El siguiente archivo no pudo ser borrado C:\Users\wilso\Desktop\github-kraken\JWDA-Kraken-Semana5/proyecto/features/login_with_incorrect_user_and_password_11.feature
2021-05-20 20:11:15 ERROR Utilities:24 - El siguiente archivo no pudo ser borrado C:\Users\wilso\Desktop\github-kraken\JWDA-Kraken-Semana5/proyecto/features/login_with_incorrect_user_and_password_12.feature
2021-05-20 20:11:15 ERROR Utilities:24 - El siguiente archivo no pudo ser borrado C:\Users\wilso\Desktop\github-kraken\JWDA-Kraken-Semana5/proyecto/features/login_with_incorrect_user_and_password_13.feature
2021-05-20 20:11:15 ERROR Utilities:24 - El siguiente archivo no pudo ser borrado C:\Users\wilso\Desktop\github-kraken\JWDA-Kraken-Semana5/proyecto/features/login_with_incorrect_user_and_password_14.feature
2021-05-20 20:11:15 ERROR Utilities:24 - El siguiente archivo no pudo ser borrado C:\Users\wilso\Desktop\github-kraken\JWDA-Kraken-Semana5/proyecto/features/login_with_incorrect_user_and_password_15.feature
2021-05-20 20:11:15 ERROR Utilities:24 - El siguiente archivo no pudo ser borrado C:\Users\wilso\Desktop\github-kraken\JWDA-Kraken-Semana5/proyecto/features/login_with_incorrect_user_and_password_16.feature
2021-05-20 20:11:15 ERROR Utilities:24 - El siguiente archivo no pudo ser borrado C:\Users\wilso\Desktop\github-kraken\JWDA-Kraken-Semana5/proyecto/features/login_with_incorrect_user_and_password_17.feature
2021-05-20 20:11:15 ERROR Utilities:24 - El siguiente archivo no pudo ser borrado C:\Users\wilso\Desktop\github-kraken\JWDA-Kraken-Semana5/proyecto/features/login_with_incorrect_user_and_password_18.feature
2021-05-20 20:11:15 ERROR Utilities:24 - El siguiente archivo no pudo ser borrado C:\Users\wilso\Desktop\github-kraken\JWDA-Kraken-Semana5/proyecto/features/login_with_incorrect_user_and_password_19.feature
2021-05-20 20:11:15 ERROR Utilities:24 - El siguiente archivo no pudo ser borrado C:\Users\wilso\Desktop\github-kraken\JWDA-Kraken-Semana5/proyecto/features/login_with_incorrect_user_and_password_20.feature
2021-05-20 20:11:15 INFO  Generador:143 - El contenido cargado del archivo login_with_incorrect_user_and_password
2021-05-20 20:11:15 INFO  Generador:144 - Feature: Login

  @user1 @web
  Scenario: Login with password and user incorrect
    Given I set scenario "Login_invalid_user_invalid_pass" and version app "<VERSION>"
    Given I navigate to page "http://localhost:2369/ghost/#/signin"
    Then I enter "Kraken1@gmail.com" into input field having id "ember8"
    Then I enter "Kraken1*" into input field having id "ember10"
    Then I click on element having id "ember12"
    Then I should see text "There is no user with that email address."

2021-05-20 20:11:15 INFO  Generador:199 - Se va crear el siguiente archivo C:\Users\wilso\Desktop\github-kraken\JWDA-Kraken-Semana5/proyecto/features/login_with_incorrect_user_and_password_0.feature
2021-05-20 20:11:15 WARN  Utilities:47 - Este archivo ya existe C:\Users\wilso\Desktop\github-kraken\JWDA-Kraken-Semana5
2021-05-20 20:11:15 INFO  Generador:199 - Se va crear el siguiente archivo C:\Users\wilso\Desktop\github-kraken\JWDA-Kraken-Semana5/proyecto/features/login_with_incorrect_user_and_password_1.feature
2021-05-20 20:11:15 WARN  Utilities:47 - Este archivo ya existe C:\Users\wilso\Desktop\github-kraken\JWDA-Kraken-Semana5
2021-05-20 20:11:15 INFO  Generador:199 - Se va crear el siguiente archivo C:\Users\wilso\Desktop\github-kraken\JWDA-Kraken-Semana5/proyecto/features/login_with_incorrect_user_and_password_2.feature
2021-05-20 20:11:15 WARN  Utilities:47 - Este archivo ya existe C:\Users\wilso\Desktop\github-kraken\JWDA-Kraken-Semana5
2021-05-20 20:11:15 INFO  Generador:199 - Se va crear el siguiente archivo C:\Users\wilso\Desktop\github-kraken\JWDA-Kraken-Semana5/proyecto/features/login_with_incorrect_user_and_password_3.feature
2021-05-20 20:11:15 WARN  Utilities:47 - Este archivo ya existe C:\Users\wilso\Desktop\github-kraken\JWDA-Kraken-Semana5
2021-05-20 20:11:15 INFO  Generador:199 - Se va crear el siguiente archivo C:\Users\wilso\Desktop\github-kraken\JWDA-Kraken-Semana5/proyecto/features/login_with_incorrect_user_and_password_4.feature
2021-05-20 20:11:15 WARN  Utilities:47 - Este archivo ya existe C:\Users\wilso\Desktop\github-kraken\JWDA-Kraken-Semana5
2021-05-20 20:11:15 INFO  Generador:199 - Se va crear el siguiente archivo C:\Users\wilso\Desktop\github-kraken\JWDA-Kraken-Semana5/proyecto/features/login_with_incorrect_user_and_password_5.feature
2021-05-20 20:11:15 WARN  Utilities:47 - Este archivo ya existe C:\Users\wilso\Desktop\github-kraken\JWDA-Kraken-Semana5
2021-05-20 20:11:15 INFO  Generador:199 - Se va crear el siguiente archivo C:\Users\wilso\Desktop\github-kraken\JWDA-Kraken-Semana5/proyecto/features/login_with_incorrect_user_and_password_6.feature
2021-05-20 20:11:15 WARN  Utilities:47 - Este archivo ya existe C:\Users\wilso\Desktop\github-kraken\JWDA-Kraken-Semana5
2021-05-20 20:11:15 INFO  Generador:199 - Se va crear el siguiente archivo C:\Users\wilso\Desktop\github-kraken\JWDA-Kraken-Semana5/proyecto/features/login_with_incorrect_user_and_password_7.feature
2021-05-20 20:11:15 WARN  Utilities:47 - Este archivo ya existe C:\Users\wilso\Desktop\github-kraken\JWDA-Kraken-Semana5
2021-05-20 20:11:15 INFO  Generador:199 - Se va crear el siguiente archivo C:\Users\wilso\Desktop\github-kraken\JWDA-Kraken-Semana5/proyecto/features/login_with_incorrect_user_and_password_8.feature
2021-05-20 20:11:15 WARN  Utilities:47 - Este archivo ya existe C:\Users\wilso\Desktop\github-kraken\JWDA-Kraken-Semana5
2021-05-20 20:11:15 INFO  Generador:199 - Se va crear el siguiente archivo C:\Users\wilso\Desktop\github-kraken\JWDA-Kraken-Semana5/proyecto/features/login_with_incorrect_user_and_password_9.feature
2021-05-20 20:11:15 WARN  Utilities:47 - Este archivo ya existe C:\Users\wilso\Desktop\github-kraken\JWDA-Kraken-Semana5
2021-05-20 20:11:15 INFO  Generador:199 - Se va crear el siguiente archivo C:\Users\wilso\Desktop\github-kraken\JWDA-Kraken-Semana5/proyecto/features/login_with_incorrect_user_and_password_10.feature
2021-05-20 20:11:15 WARN  Utilities:47 - Este archivo ya existe C:\Users\wilso\Desktop\github-kraken\JWDA-Kraken-Semana5
2021-05-20 20:11:15 INFO  Generador:199 - Se va crear el siguiente archivo C:\Users\wilso\Desktop\github-kraken\JWDA-Kraken-Semana5/proyecto/features/login_with_incorrect_user_and_password_11.feature
2021-05-20 20:11:15 WARN  Utilities:47 - Este archivo ya existe C:\Users\wilso\Desktop\github-kraken\JWDA-Kraken-Semana5
2021-05-20 20:11:15 INFO  Generador:199 - Se va crear el siguiente archivo C:\Users\wilso\Desktop\github-kraken\JWDA-Kraken-Semana5/proyecto/features/login_with_incorrect_user_and_password_12.feature
2021-05-20 20:11:15 WARN  Utilities:47 - Este archivo ya existe C:\Users\wilso\Desktop\github-kraken\JWDA-Kraken-Semana5
2021-05-20 20:11:15 INFO  Generador:199 - Se va crear el siguiente archivo C:\Users\wilso\Desktop\github-kraken\JWDA-Kraken-Semana5/proyecto/features/login_with_incorrect_user_and_password_13.feature
2021-05-20 20:11:15 WARN  Utilities:47 - Este archivo ya existe C:\Users\wilso\Desktop\github-kraken\JWDA-Kraken-Semana5
2021-05-20 20:11:15 INFO  Generador:199 - Se va crear el siguiente archivo C:\Users\wilso\Desktop\github-kraken\JWDA-Kraken-Semana5/proyecto/features/login_with_incorrect_user_and_password_14.feature
2021-05-20 20:11:15 WARN  Utilities:47 - Este archivo ya existe C:\Users\wilso\Desktop\github-kraken\JWDA-Kraken-Semana5
2021-05-20 20:11:15 INFO  Generador:199 - Se va crear el siguiente archivo C:\Users\wilso\Desktop\github-kraken\JWDA-Kraken-Semana5/proyecto/features/login_with_incorrect_user_and_password_15.feature
2021-05-20 20:11:15 WARN  Utilities:47 - Este archivo ya existe C:\Users\wilso\Desktop\github-kraken\JWDA-Kraken-Semana5
2021-05-20 20:11:15 INFO  Generador:199 - Se va crear el siguiente archivo C:\Users\wilso\Desktop\github-kraken\JWDA-Kraken-Semana5/proyecto/features/login_with_incorrect_user_and_password_16.feature
2021-05-20 20:11:15 WARN  Utilities:47 - Este archivo ya existe C:\Users\wilso\Desktop\github-kraken\JWDA-Kraken-Semana5
2021-05-20 20:11:15 INFO  Generador:199 - Se va crear el siguiente archivo C:\Users\wilso\Desktop\github-kraken\JWDA-Kraken-Semana5/proyecto/features/login_with_incorrect_user_and_password_17.feature
2021-05-20 20:11:15 WARN  Utilities:47 - Este archivo ya existe C:\Users\wilso\Desktop\github-kraken\JWDA-Kraken-Semana5
2021-05-20 20:11:15 INFO  Generador:199 - Se va crear el siguiente archivo C:\Users\wilso\Desktop\github-kraken\JWDA-Kraken-Semana5/proyecto/features/login_with_incorrect_user_and_password_18.feature
2021-05-20 20:11:15 WARN  Utilities:47 - Este archivo ya existe C:\Users\wilso\Desktop\github-kraken\JWDA-Kraken-Semana5
2021-05-20 20:11:15 INFO  Generador:199 - Se va crear el siguiente archivo C:\Users\wilso\Desktop\github-kraken\JWDA-Kraken-Semana5/proyecto/features/login_with_incorrect_user_and_password_19.feature
2021-05-20 20:11:15 WARN  Utilities:47 - Este archivo ya existe C:\Users\wilso\Desktop\github-kraken\JWDA-Kraken-Semana5
2021-05-20 20:27:13 ERROR Utilities:24 - El siguiente archivo no pudo ser borrado C:\Users\wilso\Desktop\github-kraken\JWDA-Kraken-Semana5/proyecto/features/login_with_incorrect_user_and_password_0.feature
2021-05-20 20:27:13 ERROR Utilities:24 - El siguiente archivo no pudo ser borrado C:\Users\wilso\Desktop\github-kraken\JWDA-Kraken-Semana5/proyecto/features/login_with_incorrect_user_and_password_1.feature
2021-05-20 20:27:13 ERROR Utilities:24 - El siguiente archivo no pudo ser borrado C:\Users\wilso\Desktop\github-kraken\JWDA-Kraken-Semana5/proyecto/features/login_with_incorrect_user_and_password_2.feature
2021-05-20 20:27:13 ERROR Utilities:24 - El siguiente archivo no pudo ser borrado C:\Users\wilso\Desktop\github-kraken\JWDA-Kraken-Semana5/proyecto/features/login_with_incorrect_user_and_password_3.feature
2021-05-20 20:27:13 ERROR Utilities:24 - El siguiente archivo no pudo ser borrado C:\Users\wilso\Desktop\github-kraken\JWDA-Kraken-Semana5/proyecto/features/login_with_incorrect_user_and_password_4.feature
2021-05-20 20:27:13 ERROR Utilities:24 - El siguiente archivo no pudo ser borrado C:\Users\wilso\Desktop\github-kraken\JWDA-Kraken-Semana5/proyecto/features/login_with_incorrect_user_and_password_5.feature
2021-05-20 20:27:13 ERROR Utilities:24 - El siguiente archivo no pudo ser borrado C:\Users\wilso\Desktop\github-kraken\JWDA-Kraken-Semana5/proyecto/features/login_with_incorrect_user_and_password_6.feature
2021-05-20 20:27:13 ERROR Utilities:24 - El siguiente archivo no pudo ser borrado C:\Users\wilso\Desktop\github-kraken\JWDA-Kraken-Semana5/proyecto/features/login_with_incorrect_user_and_password_7.feature
2021-05-20 20:27:13 ERROR Utilities:24 - El siguiente archivo no pudo ser borrado C:\Users\wilso\Desktop\github-kraken\JWDA-Kraken-Semana5/proyecto/features/login_with_incorrect_user_and_password_8.feature
2021-05-20 20:27:13 ERROR Utilities:24 - El siguiente archivo no pudo ser borrado C:\Users\wilso\Desktop\github-kraken\JWDA-Kraken-Semana5/proyecto/features/login_with_incorrect_user_and_password_9.feature
2021-05-20 20:27:13 ERROR Utilities:24 - El siguiente archivo no pudo ser borrado C:\Users\wilso\Desktop\github-kraken\JWDA-Kraken-Semana5/proyecto/features/login_with_incorrect_user_and_password_10.feature
2021-05-20 20:27:13 ERROR Utilities:24 - El siguiente archivo no pudo ser borrado C:\Users\wilso\Desktop\github-kraken\JWDA-Kraken-Semana5/proyecto/features/login_with_incorrect_user_and_password_11.feature
2021-05-20 20:27:13 ERROR Utilities:24 - El siguiente archivo no pudo ser borrado C:\Users\wilso\Desktop\github-kraken\JWDA-Kraken-Semana5/proyecto/features/login_with_incorrect_user_and_password_12.feature
2021-05-20 20:27:13 ERROR Utilities:24 - El siguiente archivo no pudo ser borrado C:\Users\wilso\Desktop\github-kraken\JWDA-Kraken-Semana5/proyecto/features/login_with_incorrect_user_and_password_13.feature
2021-05-20 20:27:13 ERROR Utilities:24 - El siguiente archivo no pudo ser borrado C:\Users\wilso\Desktop\github-kraken\JWDA-Kraken-Semana5/proyecto/features/login_with_incorrect_user_and_password_14.feature
2021-05-20 20:27:13 ERROR Utilities:24 - El siguiente archivo no pudo ser borrado C:\Users\wilso\Desktop\github-kraken\JWDA-Kraken-Semana5/proyecto/features/login_with_incorrect_user_and_password_15.feature
2021-05-20 20:27:13 ERROR Utilities:24 - El siguiente archivo no pudo ser borrado C:\Users\wilso\Desktop\github-kraken\JWDA-Kraken-Semana5/proyecto/features/login_with_incorrect_user_and_password_16.feature
2021-05-20 20:27:13 ERROR Utilities:24 - El siguiente archivo no pudo ser borrado C:\Users\wilso\Desktop\github-kraken\JWDA-Kraken-Semana5/proyecto/features/login_with_incorrect_user_and_password_17.feature
2021-05-20 20:27:13 ERROR Utilities:24 - El siguiente archivo no pudo ser borrado C:\Users\wilso\Desktop\github-kraken\JWDA-Kraken-Semana5/proyecto/features/login_with_incorrect_user_and_password_18.feature
2021-05-20 20:27:13 ERROR Utilities:24 - El siguiente archivo no pudo ser borrado C:\Users\wilso\Desktop\github-kraken\JWDA-Kraken-Semana5/proyecto/features/login_with_incorrect_user_and_password_19.feature
2021-05-20 20:27:13 ERROR Utilities:24 - El siguiente archivo no pudo ser borrado C:\Users\wilso\Desktop\github-kraken\JWDA-Kraken-Semana5/proyecto/features/login_with_incorrect_user_and_password_20.feature
2021-05-20 20:27:13 INFO  Generador:143 - El contenido cargado del archivo login_with_incorrect_user_and_password
2021-05-20 20:27:13 INFO  Generador:144 - Feature: Login

  @user1 @web
  Scenario: Login with password and user incorrect
    Given I set scenario "Login_invalid_user_invalid_pass" and version app "<VERSION>"
    Given I navigate to page "http://localhost:2369/ghost/#/signin"
    Then I enter "Kraken1@gmail.com" into input field having id "ember8"
    Then I enter "Kraken1*" into input field having id "ember10"
    Then I click on element having id "ember12"
    Then I should see text "There is no user with that email address."

2021-05-20 20:27:13 INFO  Generador:199 - Se va crear el siguiente archivo C:\Users\wilso\Desktop\github-kraken\JWDA-Kraken-Semana5/proyecto/features/login_with_incorrect_user_and_password_0.feature
2021-05-20 20:27:13 WARN  Utilities:47 - Este archivo ya existe C:\Users\wilso\Desktop\github-kraken\JWDA-Kraken-Semana5
2021-05-20 20:27:13 INFO  Generador:199 - Se va crear el siguiente archivo C:\Users\wilso\Desktop\github-kraken\JWDA-Kraken-Semana5/proyecto/features/login_with_incorrect_user_and_password_1.feature
2021-05-20 20:27:13 WARN  Utilities:47 - Este archivo ya existe C:\Users\wilso\Desktop\github-kraken\JWDA-Kraken-Semana5
2021-05-20 20:27:13 INFO  Generador:199 - Se va crear el siguiente archivo C:\Users\wilso\Desktop\github-kraken\JWDA-Kraken-Semana5/proyecto/features/login_with_incorrect_user_and_password_2.feature
2021-05-20 20:27:13 WARN  Utilities:47 - Este archivo ya existe C:\Users\wilso\Desktop\github-kraken\JWDA-Kraken-Semana5
2021-05-20 20:27:13 INFO  Generador:199 - Se va crear el siguiente archivo C:\Users\wilso\Desktop\github-kraken\JWDA-Kraken-Semana5/proyecto/features/login_with_incorrect_user_and_password_3.feature
2021-05-20 20:27:13 WARN  Utilities:47 - Este archivo ya existe C:\Users\wilso\Desktop\github-kraken\JWDA-Kraken-Semana5
2021-05-20 20:27:13 INFO  Generador:199 - Se va crear el siguiente archivo C:\Users\wilso\Desktop\github-kraken\JWDA-Kraken-Semana5/proyecto/features/login_with_incorrect_user_and_password_4.feature
2021-05-20 20:27:13 WARN  Utilities:47 - Este archivo ya existe C:\Users\wilso\Desktop\github-kraken\JWDA-Kraken-Semana5
2021-05-20 20:27:13 INFO  Generador:199 - Se va crear el siguiente archivo C:\Users\wilso\Desktop\github-kraken\JWDA-Kraken-Semana5/proyecto/features/login_with_incorrect_user_and_password_5.feature
2021-05-20 20:27:13 WARN  Utilities:47 - Este archivo ya existe C:\Users\wilso\Desktop\github-kraken\JWDA-Kraken-Semana5
2021-05-20 20:27:13 INFO  Generador:199 - Se va crear el siguiente archivo C:\Users\wilso\Desktop\github-kraken\JWDA-Kraken-Semana5/proyecto/features/login_with_incorrect_user_and_password_6.feature
2021-05-20 20:27:13 WARN  Utilities:47 - Este archivo ya existe C:\Users\wilso\Desktop\github-kraken\JWDA-Kraken-Semana5
2021-05-20 20:27:13 INFO  Generador:199 - Se va crear el siguiente archivo C:\Users\wilso\Desktop\github-kraken\JWDA-Kraken-Semana5/proyecto/features/login_with_incorrect_user_and_password_7.feature
2021-05-20 20:27:14 WARN  Utilities:47 - Este archivo ya existe C:\Users\wilso\Desktop\github-kraken\JWDA-Kraken-Semana5
2021-05-20 20:27:14 INFO  Generador:199 - Se va crear el siguiente archivo C:\Users\wilso\Desktop\github-kraken\JWDA-Kraken-Semana5/proyecto/features/login_with_incorrect_user_and_password_8.feature
2021-05-20 20:27:14 WARN  Utilities:47 - Este archivo ya existe C:\Users\wilso\Desktop\github-kraken\JWDA-Kraken-Semana5
2021-05-20 20:27:14 INFO  Generador:199 - Se va crear el siguiente archivo C:\Users\wilso\Desktop\github-kraken\JWDA-Kraken-Semana5/proyecto/features/login_with_incorrect_user_and_password_9.feature
2021-05-20 20:27:14 WARN  Utilities:47 - Este archivo ya existe C:\Users\wilso\Desktop\github-kraken\JWDA-Kraken-Semana5
2021-05-20 20:27:14 INFO  Generador:199 - Se va crear el siguiente archivo C:\Users\wilso\Desktop\github-kraken\JWDA-Kraken-Semana5/proyecto/features/login_with_incorrect_user_and_password_10.feature
2021-05-20 20:27:14 WARN  Utilities:47 - Este archivo ya existe C:\Users\wilso\Desktop\github-kraken\JWDA-Kraken-Semana5
2021-05-20 20:27:14 INFO  Generador:199 - Se va crear el siguiente archivo C:\Users\wilso\Desktop\github-kraken\JWDA-Kraken-Semana5/proyecto/features/login_with_incorrect_user_and_password_11.feature
2021-05-20 20:27:14 WARN  Utilities:47 - Este archivo ya existe C:\Users\wilso\Desktop\github-kraken\JWDA-Kraken-Semana5
2021-05-20 20:27:14 INFO  Generador:199 - Se va crear el siguiente archivo C:\Users\wilso\Desktop\github-kraken\JWDA-Kraken-Semana5/proyecto/features/login_with_incorrect_user_and_password_12.feature
2021-05-20 20:27:14 WARN  Utilities:47 - Este archivo ya existe C:\Users\wilso\Desktop\github-kraken\JWDA-Kraken-Semana5
2021-05-20 20:27:14 INFO  Generador:199 - Se va crear el siguiente archivo C:\Users\wilso\Desktop\github-kraken\JWDA-Kraken-Semana5/proyecto/features/login_with_incorrect_user_and_password_13.feature
2021-05-20 20:27:14 WARN  Utilities:47 - Este archivo ya existe C:\Users\wilso\Desktop\github-kraken\JWDA-Kraken-Semana5
2021-05-20 20:27:14 INFO  Generador:199 - Se va crear el siguiente archivo C:\Users\wilso\Desktop\github-kraken\JWDA-Kraken-Semana5/proyecto/features/login_with_incorrect_user_and_password_14.feature
2021-05-20 20:27:14 WARN  Utilities:47 - Este archivo ya existe C:\Users\wilso\Desktop\github-kraken\JWDA-Kraken-Semana5
2021-05-20 20:27:14 INFO  Generador:199 - Se va crear el siguiente archivo C:\Users\wilso\Desktop\github-kraken\JWDA-Kraken-Semana5/proyecto/features/login_with_incorrect_user_and_password_15.feature
2021-05-20 20:27:14 WARN  Utilities:47 - Este archivo ya existe C:\Users\wilso\Desktop\github-kraken\JWDA-Kraken-Semana5
2021-05-20 20:27:14 INFO  Generador:199 - Se va crear el siguiente archivo C:\Users\wilso\Desktop\github-kraken\JWDA-Kraken-Semana5/proyecto/features/login_with_incorrect_user_and_password_16.feature
2021-05-20 20:27:14 WARN  Utilities:47 - Este archivo ya existe C:\Users\wilso\Desktop\github-kraken\JWDA-Kraken-Semana5
2021-05-20 20:27:14 INFO  Generador:199 - Se va crear el siguiente archivo C:\Users\wilso\Desktop\github-kraken\JWDA-Kraken-Semana5/proyecto/features/login_with_incorrect_user_and_password_17.feature
2021-05-20 20:27:14 WARN  Utilities:47 - Este archivo ya existe C:\Users\wilso\Desktop\github-kraken\JWDA-Kraken-Semana5
2021-05-20 20:27:14 INFO  Generador:199 - Se va crear el siguiente archivo C:\Users\wilso\Desktop\github-kraken\JWDA-Kraken-Semana5/proyecto/features/login_with_incorrect_user_and_password_18.feature
2021-05-20 20:27:14 WARN  Utilities:47 - Este archivo ya existe C:\Users\wilso\Desktop\github-kraken\JWDA-Kraken-Semana5
2021-05-20 20:27:14 INFO  Generador:199 - Se va crear el siguiente archivo C:\Users\wilso\Desktop\github-kraken\JWDA-Kraken-Semana5/proyecto/features/login_with_incorrect_user_and_password_19.feature
2021-05-20 20:27:14 WARN  Utilities:47 - Este archivo ya existe C:\Users\wilso\Desktop\github-kraken\JWDA-Kraken-Semana5
2021-05-20 20:27:51 INFO  Utilities:22 - El fichero ha sido borrado satisfactoriamente C:\Users\wilso\Desktop\github-kraken\JWDA-Kraken-Semana5/proyecto/features/login_with_incorrect_user_and_password_0.feature
2021-05-20 20:27:51 INFO  Utilities:22 - El fichero ha sido borrado satisfactoriamente C:\Users\wilso\Desktop\github-kraken\JWDA-Kraken-Semana5/proyecto/features/login_with_incorrect_user_and_password_1.feature
2021-05-20 20:27:51 INFO  Utilities:22 - El fichero ha sido borrado satisfactoriamente C:\Users\wilso\Desktop\github-kraken\JWDA-Kraken-Semana5/proyecto/features/login_with_incorrect_user_and_password_2.feature
2021-05-20 20:27:51 INFO  Utilities:22 - El fichero ha sido borrado satisfactoriamente C:\Users\wilso\Desktop\github-kraken\JWDA-Kraken-Semana5/proyecto/features/login_with_incorrect_user_and_password_3.feature
2021-05-20 20:27:51 INFO  Utilities:22 - El fichero ha sido borrado satisfactoriamente C:\Users\wilso\Desktop\github-kraken\JWDA-Kraken-Semana5/proyecto/features/login_with_incorrect_user_and_password_4.feature
2021-05-20 20:27:51 INFO  Utilities:22 - El fichero ha sido borrado satisfactoriamente C:\Users\wilso\Desktop\github-kraken\JWDA-Kraken-Semana5/proyecto/features/login_with_incorrect_user_and_password_5.feature
2021-05-20 20:27:51 INFO  Utilities:22 - El fichero ha sido borrado satisfactoriamente C:\Users\wilso\Desktop\github-kraken\JWDA-Kraken-Semana5/proyecto/features/login_with_incorrect_user_and_password_6.feature
2021-05-20 20:27:51 INFO  Utilities:22 - El fichero ha sido borrado satisfactoriamente C:\Users\wilso\Desktop\github-kraken\JWDA-Kraken-Semana5/proyecto/features/login_with_incorrect_user_and_password_7.feature
2021-05-20 20:27:51 INFO  Utilities:22 - El fichero ha sido borrado satisfactoriamente C:\Users\wilso\Desktop\github-kraken\JWDA-Kraken-Semana5/proyecto/features/login_with_incorrect_user_and_password_8.feature
2021-05-20 20:27:51 INFO  Utilities:22 - El fichero ha sido borrado satisfactoriamente C:\Users\wilso\Desktop\github-kraken\JWDA-Kraken-Semana5/proyecto/features/login_with_incorrect_user_and_password_9.feature
2021-05-20 20:27:51 INFO  Utilities:22 - El fichero ha sido borrado satisfactoriamente C:\Users\wilso\Desktop\github-kraken\JWDA-Kraken-Semana5/proyecto/features/login_with_incorrect_user_and_password_10.feature
2021-05-20 20:27:51 INFO  Utilities:22 - El fichero ha sido borrado satisfactoriamente C:\Users\wilso\Desktop\github-kraken\JWDA-Kraken-Semana5/proyecto/features/login_with_incorrect_user_and_password_11.feature
2021-05-20 20:27:51 INFO  Utilities:22 - El fichero ha sido borrado satisfactoriamente C:\Users\wilso\Desktop\github-kraken\JWDA-Kraken-Semana5/proyecto/features/login_with_incorrect_user_and_password_12.feature
2021-05-20 20:27:51 INFO  Utilities:22 - El fichero ha sido borrado satisfactoriamente C:\Users\wilso\Desktop\github-kraken\JWDA-Kraken-Semana5/proyecto/features/login_with_incorrect_user_and_password_13.feature
2021-05-20 20:27:51 INFO  Utilities:22 - El fichero ha sido borrado satisfactoriamente C:\Users\wilso\Desktop\github-kraken\JWDA-Kraken-Semana5/proyecto/features/login_with_incorrect_user_and_password_14.feature
2021-05-20 20:27:51 INFO  Utilities:22 - El fichero ha sido borrado satisfactoriamente C:\Users\wilso\Desktop\github-kraken\JWDA-Kraken-Semana5/proyecto/features/login_with_incorrect_user_and_password_15.feature
2021-05-20 20:27:51 INFO  Utilities:22 - El fichero ha sido borrado satisfactoriamente C:\Users\wilso\Desktop\github-kraken\JWDA-Kraken-Semana5/proyecto/features/login_with_incorrect_user_and_password_16.feature
2021-05-20 20:27:51 INFO  Utilities:22 - El fichero ha sido borrado satisfactoriamente C:\Users\wilso\Desktop\github-kraken\JWDA-Kraken-Semana5/proyecto/features/login_with_incorrect_user_and_password_17.feature
2021-05-20 20:27:51 INFO  Utilities:22 - El fichero ha sido borrado satisfactoriamente C:\Users\wilso\Desktop\github-kraken\JWDA-Kraken-Semana5/proyecto/features/login_with_incorrect_user_and_password_18.feature
2021-05-20 20:27:51 INFO  Utilities:22 - El fichero ha sido borrado satisfactoriamente C:\Users\wilso\Desktop\github-kraken\JWDA-Kraken-Semana5/proyecto/features/login_with_incorrect_user_and_password_19.feature
2021-05-20 20:27:51 ERROR Utilities:24 - El siguiente archivo no pudo ser borrado C:\Users\wilso\Desktop\github-kraken\JWDA-Kraken-Semana5/proyecto/features/login_with_incorrect_user_and_password_20.feature
2021-05-20 20:27:51 INFO  Generador:143 - El contenido cargado del archivo login_with_incorrect_user_and_password
2021-05-20 20:27:51 INFO  Generador:144 - Feature: Login

  @user1 @web
  Scenario: Login with password and user incorrect
    Given I set scenario "Login_invalid_user_invalid_pass" and version app "<VERSION>"
    Given I navigate to page "http://localhost:2369/ghost/#/signin"
    Then I enter "Kraken1@gmail.com" into input field having id "ember8"
    Then I enter "Kraken1*" into input field having id "ember10"
    Then I click on element having id "ember12"
    Then I should see text "There is no user with that email address."

2021-05-20 20:27:52 INFO  Utilities:45 - Archivo creado exitosamente C:\Users\wilso\Desktop\github-kraken\JWDA-Kraken-Semana5/Data/login/Pseudo_Aleatoria/Login.json
2021-05-20 20:27:52 INFO  Generador:214 - Se va crear el siguiente archivo C:\Users\wilso\Desktop\github-kraken\JWDA-Kraken-Semana5/proyecto/features/login_with_incorrect_user_and_password_0.feature
2021-05-20 20:27:52 WARN  Utilities:47 - Este archivo ya existe C:\Users\wilso\Desktop\github-kraken\JWDA-Kraken-Semana5
2021-05-20 20:27:52 INFO  Generador:214 - Se va crear el siguiente archivo C:\Users\wilso\Desktop\github-kraken\JWDA-Kraken-Semana5/proyecto/features/login_with_incorrect_user_and_password_1.feature
2021-05-20 20:27:52 WARN  Utilities:47 - Este archivo ya existe C:\Users\wilso\Desktop\github-kraken\JWDA-Kraken-Semana5
2021-05-20 20:27:52 INFO  Generador:214 - Se va crear el siguiente archivo C:\Users\wilso\Desktop\github-kraken\JWDA-Kraken-Semana5/proyecto/features/login_with_incorrect_user_and_password_2.feature
2021-05-20 20:27:52 WARN  Utilities:47 - Este archivo ya existe C:\Users\wilso\Desktop\github-kraken\JWDA-Kraken-Semana5
2021-05-20 20:27:52 INFO  Generador:214 - Se va crear el siguiente archivo C:\Users\wilso\Desktop\github-kraken\JWDA-Kraken-Semana5/proyecto/features/login_with_incorrect_user_and_password_3.feature
2021-05-20 20:27:52 WARN  Utilities:47 - Este archivo ya existe C:\Users\wilso\Desktop\github-kraken\JWDA-Kraken-Semana5
2021-05-20 20:27:52 INFO  Generador:214 - Se va crear el siguiente archivo C:\Users\wilso\Desktop\github-kraken\JWDA-Kraken-Semana5/proyecto/features/login_with_incorrect_user_and_password_4.feature
2021-05-20 20:27:52 WARN  Utilities:47 - Este archivo ya existe C:\Users\wilso\Desktop\github-kraken\JWDA-Kraken-Semana5
2021-05-20 20:27:52 INFO  Generador:214 - Se va crear el siguiente archivo C:\Users\wilso\Desktop\github-kraken\JWDA-Kraken-Semana5/proyecto/features/login_with_incorrect_user_and_password_5.feature
2021-05-20 20:27:52 WARN  Utilities:47 - Este archivo ya existe C:\Users\wilso\Desktop\github-kraken\JWDA-Kraken-Semana5
2021-05-20 20:27:52 INFO  Generador:214 - Se va crear el siguiente archivo C:\Users\wilso\Desktop\github-kraken\JWDA-Kraken-Semana5/proyecto/features/login_with_incorrect_user_and_password_6.feature
2021-05-20 20:27:52 WARN  Utilities:47 - Este archivo ya existe C:\Users\wilso\Desktop\github-kraken\JWDA-Kraken-Semana5
2021-05-20 20:27:52 INFO  Generador:214 - Se va crear el siguiente archivo C:\Users\wilso\Desktop\github-kraken\JWDA-Kraken-Semana5/proyecto/features/login_with_incorrect_user_and_password_7.feature
2021-05-20 20:27:52 WARN  Utilities:47 - Este archivo ya existe C:\Users\wilso\Desktop\github-kraken\JWDA-Kraken-Semana5
2021-05-20 20:27:52 INFO  Generador:214 - Se va crear el siguiente archivo C:\Users\wilso\Desktop\github-kraken\JWDA-Kraken-Semana5/proyecto/features/login_with_incorrect_user_and_password_8.feature
2021-05-20 20:27:52 WARN  Utilities:47 - Este archivo ya existe C:\Users\wilso\Desktop\github-kraken\JWDA-Kraken-Semana5
2021-05-20 20:27:52 INFO  Generador:214 - Se va crear el siguiente archivo C:\Users\wilso\Desktop\github-kraken\JWDA-Kraken-Semana5/proyecto/features/login_with_incorrect_user_and_password_9.feature
2021-05-20 20:27:52 WARN  Utilities:47 - Este archivo ya existe C:\Users\wilso\Desktop\github-kraken\JWDA-Kraken-Semana5
2021-05-20 20:27:52 INFO  Generador:214 - Se va crear el siguiente archivo C:\Users\wilso\Desktop\github-kraken\JWDA-Kraken-Semana5/proyecto/features/login_with_incorrect_user_and_password_10.feature
2021-05-20 20:27:52 WARN  Utilities:47 - Este archivo ya existe C:\Users\wilso\Desktop\github-kraken\JWDA-Kraken-Semana5
2021-05-20 20:27:52 INFO  Generador:214 - Se va crear el siguiente archivo C:\Users\wilso\Desktop\github-kraken\JWDA-Kraken-Semana5/proyecto/features/login_with_incorrect_user_and_password_11.feature
2021-05-20 20:27:52 WARN  Utilities:47 - Este archivo ya existe C:\Users\wilso\Desktop\github-kraken\JWDA-Kraken-Semana5
2021-05-20 20:27:52 INFO  Generador:214 - Se va crear el siguiente archivo C:\Users\wilso\Desktop\github-kraken\JWDA-Kraken-Semana5/proyecto/features/login_with_incorrect_user_and_password_12.feature
2021-05-20 20:27:52 WARN  Utilities:47 - Este archivo ya existe C:\Users\wilso\Desktop\github-kraken\JWDA-Kraken-Semana5
2021-05-20 20:27:52 INFO  Generador:214 - Se va crear el siguiente archivo C:\Users\wilso\Desktop\github-kraken\JWDA-Kraken-Semana5/proyecto/features/login_with_incorrect_user_and_password_13.feature
2021-05-20 20:27:52 WARN  Utilities:47 - Este archivo ya existe C:\Users\wilso\Desktop\github-kraken\JWDA-Kraken-Semana5
2021-05-20 20:27:52 INFO  Generador:214 - Se va crear el siguiente archivo C:\Users\wilso\Desktop\github-kraken\JWDA-Kraken-Semana5/proyecto/features/login_with_incorrect_user_and_password_14.feature
2021-05-20 20:27:52 WARN  Utilities:47 - Este archivo ya existe C:\Users\wilso\Desktop\github-kraken\JWDA-Kraken-Semana5
2021-05-20 20:27:52 INFO  Generador:214 - Se va crear el siguiente archivo C:\Users\wilso\Desktop\github-kraken\JWDA-Kraken-Semana5/proyecto/features/login_with_incorrect_user_and_password_15.feature
2021-05-20 20:27:52 WARN  Utilities:47 - Este archivo ya existe C:\Users\wilso\Desktop\github-kraken\JWDA-Kraken-Semana5
2021-05-20 20:27:52 INFO  Generador:214 - Se va crear el siguiente archivo C:\Users\wilso\Desktop\github-kraken\JWDA-Kraken-Semana5/proyecto/features/login_with_incorrect_user_and_password_16.feature
2021-05-20 20:27:52 WARN  Utilities:47 - Este archivo ya existe C:\Users\wilso\Desktop\github-kraken\JWDA-Kraken-Semana5
2021-05-20 20:27:52 INFO  Generador:214 - Se va crear el siguiente archivo C:\Users\wilso\Desktop\github-kraken\JWDA-Kraken-Semana5/proyecto/features/login_with_incorrect_user_and_password_17.feature
2021-05-20 20:27:52 WARN  Utilities:47 - Este archivo ya existe C:\Users\wilso\Desktop\github-kraken\JWDA-Kraken-Semana5
2021-05-20 20:27:52 INFO  Generador:214 - Se va crear el siguiente archivo C:\Users\wilso\Desktop\github-kraken\JWDA-Kraken-Semana5/proyecto/features/login_with_incorrect_user_and_password_18.feature
2021-05-20 20:27:52 WARN  Utilities:47 - Este archivo ya existe C:\Users\wilso\Desktop\github-kraken\JWDA-Kraken-Semana5
2021-05-20 20:27:52 INFO  Generador:214 - Se va crear el siguiente archivo C:\Users\wilso\Desktop\github-kraken\JWDA-Kraken-Semana5/proyecto/features/login_with_incorrect_user_and_password_19.feature
2021-05-20 20:27:52 WARN  Utilities:47 - Este archivo ya existe C:\Users\wilso\Desktop\github-kraken\JWDA-Kraken-Semana5
2021-05-21 08:42:45 ERROR Utilities:24 - El siguiente archivo no pudo ser borrado C:\Users\wilso\Desktop\github-kraken\JWDA-Kraken-Semana5/proyecto/features/login_with_incorrect_user_and_password_0.feature
2021-05-21 08:42:45 ERROR Utilities:24 - El siguiente archivo no pudo ser borrado C:\Users\wilso\Desktop\github-kraken\JWDA-Kraken-Semana5/proyecto/features/login_with_incorrect_user_and_password_1.feature
2021-05-21 08:42:45 ERROR Utilities:24 - El siguiente archivo no pudo ser borrado C:\Users\wilso\Desktop\github-kraken\JWDA-Kraken-Semana5/proyecto/features/login_with_incorrect_user_and_password_2.feature
2021-05-21 08:42:45 ERROR Utilities:24 - El siguiente archivo no pudo ser borrado C:\Users\wilso\Desktop\github-kraken\JWDA-Kraken-Semana5/proyecto/features/login_with_incorrect_user_and_password_3.feature
2021-05-21 08:42:45 ERROR Utilities:24 - El siguiente archivo no pudo ser borrado C:\Users\wilso\Desktop\github-kraken\JWDA-Kraken-Semana5/proyecto/features/login_with_incorrect_user_and_password_4.feature
2021-05-21 08:42:45 ERROR Utilities:24 - El siguiente archivo no pudo ser borrado C:\Users\wilso\Desktop\github-kraken\JWDA-Kraken-Semana5/proyecto/features/login_with_incorrect_user_and_password_5.feature
2021-05-21 08:42:45 ERROR Utilities:24 - El siguiente archivo no pudo ser borrado C:\Users\wilso\Desktop\github-kraken\JWDA-Kraken-Semana5/proyecto/features/login_with_incorrect_user_and_password_6.feature
2021-05-21 08:42:45 ERROR Utilities:24 - El siguiente archivo no pudo ser borrado C:\Users\wilso\Desktop\github-kraken\JWDA-Kraken-Semana5/proyecto/features/login_with_incorrect_user_and_password_7.feature
2021-05-21 08:42:45 ERROR Utilities:24 - El siguiente archivo no pudo ser borrado C:\Users\wilso\Desktop\github-kraken\JWDA-Kraken-Semana5/proyecto/features/login_with_incorrect_user_and_password_8.feature
2021-05-21 08:42:45 ERROR Utilities:24 - El siguiente archivo no pudo ser borrado C:\Users\wilso\Desktop\github-kraken\JWDA-Kraken-Semana5/proyecto/features/login_with_incorrect_user_and_password_9.feature
2021-05-21 08:42:45 ERROR Utilities:24 - El siguiente archivo no pudo ser borrado C:\Users\wilso\Desktop\github-kraken\JWDA-Kraken-Semana5/proyecto/features/login_with_incorrect_user_and_password_10.feature
2021-05-21 08:42:45 ERROR Utilities:24 - El siguiente archivo no pudo ser borrado C:\Users\wilso\Desktop\github-kraken\JWDA-Kraken-Semana5/proyecto/features/login_with_incorrect_user_and_password_11.feature
2021-05-21 08:42:45 ERROR Utilities:24 - El siguiente archivo no pudo ser borrado C:\Users\wilso\Desktop\github-kraken\JWDA-Kraken-Semana5/proyecto/features/login_with_incorrect_user_and_password_12.feature
2021-05-21 08:42:45 ERROR Utilities:24 - El siguiente archivo no pudo ser borrado C:\Users\wilso\Desktop\github-kraken\JWDA-Kraken-Semana5/proyecto/features/login_with_incorrect_user_and_password_13.feature
2021-05-21 08:42:45 ERROR Utilities:24 - El siguiente archivo no pudo ser borrado C:\Users\wilso\Desktop\github-kraken\JWDA-Kraken-Semana5/proyecto/features/login_with_incorrect_user_and_password_14.feature
2021-05-21 08:42:45 ERROR Utilities:24 - El siguiente archivo no pudo ser borrado C:\Users\wilso\Desktop\github-kraken\JWDA-Kraken-Semana5/proyecto/features/login_with_incorrect_user_and_password_15.feature
2021-05-21 08:42:45 ERROR Utilities:24 - El siguiente archivo no pudo ser borrado C:\Users\wilso\Desktop\github-kraken\JWDA-Kraken-Semana5/proyecto/features/login_with_incorrect_user_and_password_16.feature
2021-05-21 08:42:45 ERROR Utilities:24 - El siguiente archivo no pudo ser borrado C:\Users\wilso\Desktop\github-kraken\JWDA-Kraken-Semana5/proyecto/features/login_with_incorrect_user_and_password_17.feature
2021-05-21 08:42:45 ERROR Utilities:24 - El siguiente archivo no pudo ser borrado C:\Users\wilso\Desktop\github-kraken\JWDA-Kraken-Semana5/proyecto/features/login_with_incorrect_user_and_password_18.feature
2021-05-21 08:42:45 ERROR Utilities:24 - El siguiente archivo no pudo ser borrado C:\Users\wilso\Desktop\github-kraken\JWDA-Kraken-Semana5/proyecto/features/login_with_incorrect_user_and_password_19.feature
2021-05-21 08:42:45 ERROR Utilities:24 - El siguiente archivo no pudo ser borrado C:\Users\wilso\Desktop\github-kraken\JWDA-Kraken-Semana5/proyecto/features/login_with_incorrect_user_and_password_20.feature
2021-05-21 08:42:45 ERROR Generador:147 - Se presentaron problemas para generar los datos aleatorios 
java.io.FileNotFoundException: C:\Users\wilso\Desktop\github-kraken\JWDA-Kraken-Semana5\Data\login\Pool_Aleatoria\Login.json (El sistema no puede encontrar la ruta especificada)
	at java.io.FileInputStream.open0(Native Method)
	at java.io.FileInputStream.open(FileInputStream.java:195)
	at java.io.FileInputStream.<init>(FileInputStream.java:138)
	at java.io.FileInputStream.<init>(FileInputStream.java:93)
	at java.io.FileReader.<init>(FileReader.java:58)
	at com.co.utilities.Utilities.readFile(Utilities.java:30)
	at com.co.generador.Generador.strategyPoolAPriori(Generador.java:191)
	at com.co.generador.Generador.runStrategy(Generador.java:167)
	at com.co.generador.Generador.jButton1ActionPerformed(Generador.java:142)
	at com.co.generador.Generador.access$100(Generador.java:13)
	at com.co.generador.Generador$2.actionPerformed(Generador.java:61)
	at javax.swing.AbstractButton.fireActionPerformed(AbstractButton.java:2022)
	at javax.swing.AbstractButton$Handler.actionPerformed(AbstractButton.java:2348)
	at javax.swing.DefaultButtonModel.fireActionPerformed(DefaultButtonModel.java:402)
	at javax.swing.DefaultButtonModel.setPressed(DefaultButtonModel.java:259)
	at javax.swing.plaf.basic.BasicButtonListener.mouseReleased(BasicButtonListener.java:252)
	at java.awt.Component.processMouseEvent(Component.java:6535)
	at javax.swing.JComponent.processMouseEvent(JComponent.java:3324)
	at java.awt.Component.processEvent(Component.java:6300)
	at java.awt.Container.processEvent(Container.java:2236)
	at java.awt.Component.dispatchEventImpl(Component.java:4891)
	at java.awt.Container.dispatchEventImpl(Container.java:2294)
	at java.awt.Component.dispatchEvent(Component.java:4713)
	at java.awt.LightweightDispatcher.retargetMouseEvent(Container.java:4888)
	at java.awt.LightweightDispatcher.processMouseEvent(Container.java:4525)
	at java.awt.LightweightDispatcher.dispatchEvent(Container.java:4466)
	at java.awt.Container.dispatchEventImpl(Container.java:2280)
	at java.awt.Window.dispatchEventImpl(Window.java:2750)
	at java.awt.Component.dispatchEvent(Component.java:4713)
	at java.awt.EventQueue.dispatchEventImpl(EventQueue.java:758)
	at java.awt.EventQueue.access$500(EventQueue.java:97)
	at java.awt.EventQueue$3.run(EventQueue.java:709)
	at java.awt.EventQueue$3.run(EventQueue.java:703)
	at java.security.AccessController.doPrivileged(Native Method)
	at java.security.ProtectionDomain$JavaSecurityAccessImpl.doIntersectionPrivilege(ProtectionDomain.java:76)
	at java.security.ProtectionDomain$JavaSecurityAccessImpl.doIntersectionPrivilege(ProtectionDomain.java:86)
	at java.awt.EventQueue$4.run(EventQueue.java:731)
	at java.awt.EventQueue$4.run(EventQueue.java:729)
	at java.security.AccessController.doPrivileged(Native Method)
	at java.security.ProtectionDomain$JavaSecurityAccessImpl.doIntersectionPrivilege(ProtectionDomain.java:76)
	at java.awt.EventQueue.dispatchEvent(EventQueue.java:728)
	at java.awt.EventDispatchThread.pumpOneEventForFilters(EventDispatchThread.java:201)
	at java.awt.EventDispatchThread.pumpEventsForFilter(EventDispatchThread.java:116)
	at java.awt.EventDispatchThread.pumpEventsForHierarchy(EventDispatchThread.java:105)
	at java.awt.EventDispatchThread.pumpEvents(EventDispatchThread.java:101)
	at java.awt.EventDispatchThread.pumpEvents(EventDispatchThread.java:93)
	at java.awt.EventDispatchThread.run(EventDispatchThread.java:82)
